Activity.TraceId:            44dfdbc5119ed43f92453b7b88856670
Activity.SpanId:             9f666329b9aef4f9
Activity.TraceFlags:         Recorded
Activity.DisplayName:        GET
Activity.Kind:               Client
Activity.StartTime:          2026-05-29T12:35:54.9537520Z
Activity.Duration:           00:00:00.1788230
Activity.Tags:
    http.request.method: GET
    server.address: example.com
    server.port: 443
    url.full: https://example.com/
    network.protocol.version: 1.1
    http.response.status_code: 200
Instrumentation scope (ActivitySource):
    Name: System.Net.Http
Resource associated with Activity:
    service.instance.id: 8019f37e-9fa4-40d6-b531-e9227e5b6163
    os.type: darwin
    os.description: Darwin 25.5.0 Darwin Kernel Version 25.5.0: Mon Apr 27 20:41:26 PDT 2026; root:xnu-12377.121.6~2/RELEASE_ARM64_T8132
    os.build_id: 25F71
    os.name: macOS
    os.version: 26.5
    host.name: Mac
    host.id: AE5D40F1-6010-5D83-9A50-D75852797969
    host.arch: arm64
    process.owner: ancplua
    process.pid: 26371
    process.runtime.description: .NET 8.0.27
    process.runtime.name: .NET
    process.runtime.version: 8.0.27
    telemetry.distro.name: opentelemetry-dotnet-instrumentation
    telemetry.distro.version: 1.15.0
    telemetry.sdk.name: opentelemetry
    telemetry.sdk.language: dotnet
    telemetry.sdk.version: 1.15.3
    service.name: qyl-spike

APP_DONE
