Activity.TraceId:            8c78b87fc546f48c53be26535f99d72a
Activity.SpanId:             d9a3e13554554f20
Activity.TraceFlags:         Recorded
Activity.DisplayName:        GET
Activity.Kind:               Client
Activity.StartTime:          2026-05-29T12:01:44.6356230Z
Activity.Duration:           00:00:00.2941780
Activity.Tags:
    http.request.method: GET
    server.address: example.com
    server.port: 443
    url.full: https://example.com/
    network.protocol.version: 1.1
    http.response.status_code: 200
Instrumentation scope (ActivitySource):
    Name: System.Net.Http
Resource associated with Activity:
    service.instance.id: d5e9a63b-f50c-40f5-a981-33b9f585d9eb
    os.type: darwin
    os.description: Darwin 25.5.0 Darwin Kernel Version 25.5.0: Mon Apr 27 20:41:26 PDT 2026; root:xnu-12377.121.6~2/RELEASE_ARM64_T8132
    os.build_id: 25F71
    os.name: macOS
    os.version: 26.5
    host.name: Alexanders-MacBook-Air
    host.id: AE5D40F1-6010-5D83-9A50-D75852797969
    host.arch: arm64
    process.owner: ancplua
    process.pid: 14070
    process.runtime.description: .NET 8.0.27
    process.runtime.name: .NET
    process.runtime.version: 8.0.27
    telemetry.distro.name: opentelemetry-dotnet-instrumentation
    telemetry.distro.version: 1.15.0
    telemetry.sdk.name: opentelemetry
    telemetry.sdk.language: dotnet
    telemetry.sdk.version: 1.15.3
    service.name: qyl-spike

APP_DONE
Resource associated with Metrics:
	service.instance.id: 8deb6230-e864-44fb-bfbf-ab91d4037840
	os.type: darwin
	os.description: Darwin 25.5.0 Darwin Kernel Version 25.5.0: Mon Apr 27 20:41:26 PDT 2026; root:xnu-12377.121.6~2/RELEASE_ARM64_T8132
	os.build_id: 25F71
	os.name: macOS
	os.version: 26.5
	host.name: Alexanders-MacBook-Air
	host.id: AE5D40F1-6010-5D83-9A50-D75852797969
	host.arch: arm64
	process.owner: ancplua
	process.pid: 14070
	process.runtime.description: .NET 8.0.27
	process.runtime.name: .NET
	process.runtime.version: 8.0.27
	telemetry.distro.name: opentelemetry-dotnet-instrumentation
	telemetry.distro.version: 1.15.0
	telemetry.sdk.name: opentelemetry
	telemetry.sdk.language: dotnet
	telemetry.sdk.version: 1.15.3
	service.name: qyl-spike

Metric Name: process.runtime.dotnet.gc.collections.count, Description: Number of garbage collections that have occurred since process start., Metric Type: LongSum
Instrumentation scope (Meter):
	Name: OpenTelemetry.Instrumentation.Runtime
	Version: 1.15.1
(2026-05-29T12:01:44.5839760Z, 2026-05-29T12:01:44.9608010Z] generation: gen2 
Value: 0
(2026-05-29T12:01:44.5839760Z, 2026-05-29T12:01:44.9608010Z] generation: gen1 
Value: 0
(2026-05-29T12:01:44.5839760Z, 2026-05-29T12:01:44.9608010Z] generation: gen0 
Value: 0

Metric Name: process.runtime.dotnet.gc.objects.size, Description: Count of bytes currently in use by objects in the GC heap that haven't been collected yet. Fragmentation and other GC committed memory pools are excluded., Unit: bytes, Metric Type: LongSumNonMonotonic
Instrumentation scope (Meter):
	Name: OpenTelemetry.Instrumentation.Runtime
	Version: 1.15.1
(2026-05-29T12:01:44.5850450Z, 2026-05-29T12:01:44.9608150Z] 
Value: 8368800

Metric Name: process.runtime.dotnet.gc.allocations.size, Description: Count of bytes allocated on the managed GC heap since the process start. .NET objects are allocated from this heap. Object allocations from unmanaged languages such as C/C++ do not use this heap., Unit: bytes, Metric Type: LongSum
Instrumentation scope (Meter):
	Name: OpenTelemetry.Instrumentation.Runtime
	Version: 1.15.1
(2026-05-29T12:01:44.5850660Z, 2026-05-29T12:01:44.9608150Z] 
Value: 8355120

Metric Name: process.runtime.dotnet.gc.duration, Description: The total amount of time paused in GC since the process start., Unit: ns, Metric Type: LongSum
Instrumentation scope (Meter):
	Name: OpenTelemetry.Instrumentation.Runtime
	Version: 1.15.1
(2026-05-29T12:01:44.5850980Z, 2026-05-29T12:01:44.9608190Z] 
Value: 0

Metric Name: process.runtime.dotnet.jit.il_compiled.size, Description: Count of bytes of intermediate language that have been compiled since the process start., Unit: bytes, Metric Type: LongSum
Instrumentation scope (Meter):
	Name: OpenTelemetry.Instrumentation.Runtime
	Version: 1.15.1
(2026-05-29T12:01:44.5851040Z, 2026-05-29T12:01:44.9608190Z] 
Value: 803464

Metric Name: process.runtime.dotnet.jit.methods_compiled.count, Description: The number of times the JIT compiler compiled a method since the process start. The JIT compiler may be invoked multiple times for the same method to compile with different generic parameters, or because tiered compilation requested different optimization settings., Metric Type: LongSum
Instrumentation scope (Meter):
	Name: OpenTelemetry.Instrumentation.Runtime
	Version: 1.15.1
(2026-05-29T12:01:44.5851200Z, 2026-05-29T12:01:44.9608190Z] 
Value: 10757

Metric Name: process.runtime.dotnet.jit.compilation_time, Description: The amount of time the JIT compiler has spent compiling methods since the process start., Unit: ns, Metric Type: LongSum
Instrumentation scope (Meter):
	Name: OpenTelemetry.Instrumentation.Runtime
	Version: 1.15.1
(2026-05-29T12:01:44.5851290Z, 2026-05-29T12:01:44.9608190Z] 
Value: 675187600

Metric Name: process.runtime.dotnet.monitor.lock_contention.count, Description: The number of times there was contention when trying to acquire a monitor lock since the process start. Monitor locks are commonly acquired by using the lock keyword in C#, or by calling Monitor.Enter() and Monitor.TryEnter()., Metric Type: LongSum
Instrumentation scope (Meter):
	Name: OpenTelemetry.Instrumentation.Runtime
	Version: 1.15.1
(2026-05-29T12:01:44.5851360Z, 2026-05-29T12:01:44.9608190Z] 
Value: 0

Metric Name: process.runtime.dotnet.thread_pool.threads.count, Description: The number of thread pool threads that currently exist., Metric Type: LongSumNonMonotonic
Instrumentation scope (Meter):
	Name: OpenTelemetry.Instrumentation.Runtime
	Version: 1.15.1
(2026-05-29T12:01:44.5851490Z, 2026-05-29T12:01:44.9608200Z] 
Value: 4

Metric Name: process.runtime.dotnet.thread_pool.completed_items.count, Description: The number of work items that have been processed by the thread pool since the process start., Metric Type: LongSum
Instrumentation scope (Meter):
	Name: OpenTelemetry.Instrumentation.Runtime
	Version: 1.15.1
(2026-05-29T12:01:44.5851610Z, 2026-05-29T12:01:44.9608200Z] 
Value: 21

Metric Name: process.runtime.dotnet.thread_pool.queue.length, Description: The number of work items that are currently queued to be processed by the thread pool., Metric Type: LongSumNonMonotonic
Instrumentation scope (Meter):
	Name: OpenTelemetry.Instrumentation.Runtime
	Version: 1.15.1
(2026-05-29T12:01:44.5851700Z, 2026-05-29T12:01:44.9608200Z] 
Value: 0

Metric Name: process.runtime.dotnet.timer.count, Description: The number of timer instances that are currently active. Timers can be created by many sources such as System.Threading.Timer, Task.Delay, or the timeout in a CancellationSource. An active timer is registered to tick at some point in the future and has not yet been canceled., Metric Type: LongSumNonMonotonic
Instrumentation scope (Meter):
	Name: OpenTelemetry.Instrumentation.Runtime
	Version: 1.15.1
(2026-05-29T12:01:44.5851800Z, 2026-05-29T12:01:44.9608200Z] 
Value: 2

Metric Name: process.runtime.dotnet.assemblies.count, Description: The number of .NET assemblies that are currently loaded., Metric Type: LongSumNonMonotonic
Instrumentation scope (Meter):
	Name: OpenTelemetry.Instrumentation.Runtime
	Version: 1.15.1
(2026-05-29T12:01:44.5851920Z, 2026-05-29T12:01:44.9608200Z] 
Value: 80

Metric Name: process.memory.usage, Description: The amount of physical memory in use., Unit: By, Metric Type: LongSumNonMonotonic
Instrumentation scope (Meter):
	Name: OpenTelemetry.Instrumentation.Process
	Version: 1.15.1-beta.1
(2026-05-29T12:01:44.5852130Z, 2026-05-29T12:01:44.9608210Z] 
Value: 123322368

Metric Name: process.memory.virtual, Description: The amount of committed virtual memory., Unit: By, Metric Type: LongSumNonMonotonic
Instrumentation scope (Meter):
	Name: OpenTelemetry.Instrumentation.Process
	Version: 1.15.1-beta.1
(2026-05-29T12:01:44.5857410Z, 2026-05-29T12:01:44.9608220Z] 
Value: 462800060416

Metric Name: process.cpu.time, Description: Total CPU seconds broken down by different states., Unit: s, Metric Type: DoubleSum
Instrumentation scope (Meter):
	Name: OpenTelemetry.Instrumentation.Process
	Version: 1.15.1-beta.1
(2026-05-29T12:01:44.5860110Z, 2026-05-29T12:01:44.9608410Z] process.cpu.state: user 
Value: 0.6173166
(2026-05-29T12:01:44.5860110Z, 2026-05-29T12:01:44.9608410Z] process.cpu.state: system 
Value: 0.1006166

Metric Name: process.cpu.count, Description: The number of processors (CPU cores) available to the current process., Unit: {processors}, Metric Type: LongSumNonMonotonic
Instrumentation scope (Meter):
	Name: OpenTelemetry.Instrumentation.Process
	Version: 1.15.1-beta.1
(2026-05-29T12:01:44.5860260Z, 2026-05-29T12:01:44.9608410Z] 
Value: 10

Metric Name: process.thread.count, Description: Process threads count., Unit: {thread}, Metric Type: LongSumNonMonotonic
Instrumentation scope (Meter):
	Name: OpenTelemetry.Instrumentation.Process
	Version: 1.15.1-beta.1
(2026-05-29T12:01:44.5860370Z, 2026-05-29T12:01:44.9608410Z] 
Value: 32

Metric Name: http.client.active_requests, Description: Number of outbound HTTP requests that are currently active on the client., Unit: {request}, Metric Type: LongSumNonMonotonic
Instrumentation scope (Meter):
	Name: System.Net.Http
(2026-05-29T12:01:44.6270950Z, 2026-05-29T12:01:44.9608420Z] http.request.method: GET server.address: example.com url.scheme: https 
Value: 0

Metric Name: http.client.request.duration, Description: The duration of outbound HTTP requests., Unit: s, Metric Type: Histogram
Instrumentation scope (Meter):
	Name: System.Net.Http
(2026-05-29T12:01:44.6274040Z, 2026-05-29T12:01:44.9608820Z] http.request.method: GET http.response.status_code: 200 network.protocol.version: 1.1 server.address: example.com url.scheme: https 
Value: Sum: 0.3169158 Count: 1 Min: 0.3169158 Max: 0.3169158 
(-Infinity,0.005]:0
(0.005,0.01]:0
(0.01,0.025]:0
(0.025,0.05]:0
(0.05,0.075]:0
(0.075,0.1]:0
(0.1,0.25]:0
(0.25,0.5]:1
(0.5,0.75]:0
(0.75,1]:0
(1,2.5]:0
(2.5,5]:0
(5,7.5]:0
(7.5,10]:0
(10,+Infinity]:0


Metric Name: http.client.open_connections, Description: Number of outbound HTTP connections that are currently active or idle on the client., Unit: {connection}, Metric Type: LongSumNonMonotonic
Instrumentation scope (Meter):
	Name: System.Net.Http
(2026-05-29T12:01:44.6274410Z, 2026-05-29T12:01:44.9608820Z] http.connection.state: idle network.peer.address: 2606:4700:10::6814:179a network.protocol.version: 1.1 server.address: example.com url.scheme: https 
Value: 0
(2026-05-29T12:01:44.6274410Z, 2026-05-29T12:01:44.9608820Z] http.connection.state: active network.peer.address: 2606:4700:10::6814:179a network.protocol.version: 1.1 server.address: example.com url.scheme: https 
Value: 0

Metric Name: http.client.connection.duration, Description: The duration of successfully established outbound HTTP connections., Unit: s, Metric Type: Histogram
Instrumentation scope (Meter):
	Name: System.Net.Http
(2026-05-29T12:01:44.6274520Z, 2026-05-29T12:01:44.9608830Z] network.peer.address: 2606:4700:10::6814:179a network.protocol.version: 1.1 server.address: example.com url.scheme: https 
Value: Sum: 0.125 Count: 1 Min: 0.125 Max: 0.125 
(-Infinity,0.01]:0
(0.01,0.02]:0
(0.02,0.05]:0
(0.05,0.1]:0
(0.1,0.2]:1
(0.2,0.5]:0
(0.5,1]:0
(1,2]:0
(2,5]:0
(5,10]:0
(10,30]:0
(30,60]:0
(60,120]:0
(120,300]:0
(300,+Infinity]:0


Metric Name: http.client.request.time_in_queue, Description: The amount of time requests spent on a queue waiting for an available connection., Unit: s, Metric Type: Histogram
Instrumentation scope (Meter):
	Name: System.Net.Http
(2026-05-29T12:01:44.6274610Z, 2026-05-29T12:01:44.9608830Z] http.request.method: GET network.protocol.version: 1.1 server.address: example.com url.scheme: https 
Value: Sum: 0.1606111 Count: 1 Min: 0.1606111 Max: 0.1606111 
(-Infinity,0.005]:0
(0.005,0.01]:0
(0.01,0.025]:0
(0.025,0.05]:0
(0.05,0.075]:0
(0.075,0.1]:0
(0.1,0.25]:1
(0.25,0.5]:0
(0.5,0.75]:0
(0.75,1]:0
(1,2.5]:0
(2.5,5]:0
(5,7.5]:0
(7.5,10]:0
(10,+Infinity]:0


Metric Name: dns.lookup.duration, Description: Measures the time taken to perform a DNS lookup., Unit: s, Metric Type: Histogram
Instrumentation scope (Meter):
	Name: System.Net.NameResolution
(2026-05-29T12:01:44.6748640Z, 2026-05-29T12:01:44.9608850Z] dns.question.name: example.com 
Value: Sum: 0.0063838 Count: 1 Min: 0.0063838 Max: 0.0063838 
(-Infinity,0.005]:0
(0.005,0.01]:1
(0.01,0.025]:0
(0.025,0.05]:0
(0.05,0.075]:0
(0.075,0.1]:0
(0.1,0.25]:0
(0.25,0.5]:0
(0.5,0.75]:0
(0.75,1]:0
(1,2.5]:0
(2.5,5]:0
(5,7.5]:0
(7.5,10]:0
(10,+Infinity]:0


Metric Name: qyl.semconv.attribute.checks, Description: Emitted attribute keys checked against the qyl semconv registry, by verdict., Unit: {check}, Metric Type: LongSum
Instrumentation scope (Meter):
	Name: Qyl.AutoInstrumentation
(2026-05-29T12:01:44.9449510Z, 2026-05-29T12:01:44.9608850Z] qyl.conformance.verdict: ok 
Value: 6
