LogRecord.Timestamp:               2026-05-29T12:59:00.9546290Z
LogRecord.TraceId:                 7cbcc124a7a29f7c58dc0a303ec66e6e
LogRecord.SpanId:                  86935d4350827c6c
LogRecord.TraceFlags:              Recorded
LogRecord.CategoryName:            Qyl.M6
LogRecord.Severity:                Info
LogRecord.SeverityText:            Information
LogRecord.Body:                    qyl-m6 log inside active span
LogRecord.Attributes (Key:Value):
    OriginalFormat (a.k.a Body): qyl-m6 log inside active span

Resource associated with LogRecord:
service.instance.id: 9171316a-1aae-4d61-b153-ff6f81c9f83b
os.type: darwin
os.description: Darwin 25.5.0 Darwin Kernel Version 25.5.0: Mon Apr 27 20:41:26 PDT 2026; root:xnu-12377.121.6~2/RELEASE_ARM64_T8132
os.build_id: 25F71
os.name: macOS
os.version: 26.5
host.name: Mac
host.id: AE5D40F1-6010-5D83-9A50-D75852797969
host.arch: arm64
process.owner: ancplua
process.pid: 33002
process.runtime.description: .NET 8.0.27
process.runtime.name: .NET
process.runtime.version: 8.0.27
telemetry.distro.name: opentelemetry-dotnet-instrumentation
telemetry.distro.version: 1.15.0
telemetry.sdk.name: opentelemetry
telemetry.sdk.language: dotnet
telemetry.sdk.version: 1.15.3
service.name: qyl-spike

Activity.TraceId:            7cbcc124a7a29f7c58dc0a303ec66e6e
Activity.SpanId:             86935d4350827c6c
Activity.TraceFlags:         Recorded
Activity.DisplayName:        m6-log-correlation
Activity.Kind:               Internal
Activity.StartTime:          2026-05-29T12:59:00.9534260Z
Activity.Duration:           00:00:00.0170890
Instrumentation scope (ActivitySource):
    Name: Qyl.M6.Demo
Resource associated with Activity:
    service.instance.id: fa6ad48a-6373-4e8d-9382-702061d71cb8
    os.type: darwin
    os.description: Darwin 25.5.0 Darwin Kernel Version 25.5.0: Mon Apr 27 20:41:26 PDT 2026; root:xnu-12377.121.6~2/RELEASE_ARM64_T8132
    os.build_id: 25F71
    os.name: macOS
    os.version: 26.5
    host.name: Mac
    host.id: AE5D40F1-6010-5D83-9A50-D75852797969
    host.arch: arm64
    process.owner: ancplua
    process.pid: 33002
    process.runtime.description: .NET 8.0.27
    process.runtime.name: .NET
    process.runtime.version: 8.0.27
    telemetry.distro.name: opentelemetry-dotnet-instrumentation
    telemetry.distro.version: 1.15.0
    telemetry.sdk.name: opentelemetry
    telemetry.sdk.language: dotnet
    telemetry.sdk.version: 1.15.3
    service.name: qyl-spike

M6_DONE
