Activity.TraceId:            f67c4b9c48d36c2309cb958ae38079d3
Activity.SpanId:             b7ec15d75c54e9cf
Activity.TraceFlags:         Recorded
Activity.DisplayName:        oteldemo.CartService/GetCart
Activity.Kind:               Client
Activity.StartTime:          2026-05-29T13:28:47.4635950Z
Activity.Duration:           00:00:00.0006870
Activity.Tags:
    rpc.system: grpc
    rpc.service: oteldemo.CartService
    rpc.method: GetCart
    server.address: cart.example.com
Instrumentation scope (ActivitySource):
    Name: Qyl.Breadth.Rpc
Resource associated with Activity:
    service.instance.id: d16d08fe-a13a-47d8-815e-5c6609aeea4a
    os.type: darwin
    os.description: Darwin 25.5.0 Darwin Kernel Version 25.5.0: Mon Apr 27 20:41:26 PDT 2026; root:xnu-12377.121.6~2/RELEASE_ARM64_T8132
    os.build_id: 25F71
    os.name: macOS
    os.version: 26.5
    host.name: Mac
    host.id: AE5D40F1-6010-5D83-9A50-D75852797969
    host.arch: arm64
    process.owner: ancplua
    process.pid: 40000
    process.runtime.description: .NET 8.0.27
    process.runtime.name: .NET
    process.runtime.version: 8.0.27
    telemetry.distro.name: opentelemetry-dotnet-instrumentation
    telemetry.distro.version: 1.15.0
    telemetry.sdk.name: opentelemetry
    telemetry.sdk.language: dotnet
    telemetry.sdk.version: 1.15.3
    service.name: qyl-gate

RPC_DONE
Resource associated with Metrics:
	service.instance.id: 296f0201-6c0a-4ab8-97cf-0ca2332874c3
	os.type: darwin
	os.description: Darwin 25.5.0 Darwin Kernel Version 25.5.0: Mon Apr 27 20:41:26 PDT 2026; root:xnu-12377.121.6~2/RELEASE_ARM64_T8132
	os.build_id: 25F71
	os.name: macOS
	os.version: 26.5
	host.name: Mac
	host.id: AE5D40F1-6010-5D83-9A50-D75852797969
	host.arch: arm64
	process.owner: ancplua
	process.pid: 40000
	process.runtime.description: .NET 8.0.27
	process.runtime.name: .NET
	process.runtime.version: 8.0.27
	telemetry.distro.name: opentelemetry-dotnet-instrumentation
	telemetry.distro.version: 1.15.0
	telemetry.sdk.name: opentelemetry
	telemetry.sdk.language: dotnet
	telemetry.sdk.version: 1.15.3
	service.name: qyl-gate

Metric Name: process.runtime.dotnet.gc.collections.count, Description: Number of garbage collections that have occurred since process start., Metric Type: LongSum
Instrumentation scope (Meter):
	Name: OpenTelemetry.Instrumentation.Runtime
	Version: 1.15.1
(2026-05-29T13:28:47.4459930Z, 2026-05-29T13:28:47.4904150Z] generation: gen2 
Value: 0
(2026-05-29T13:28:47.4459930Z, 2026-05-29T13:28:47.4904150Z] generation: gen1 
Value: 0
(2026-05-29T13:28:47.4459930Z, 2026-05-29T13:28:47.4904150Z] generation: gen0 
Value: 0

Metric Name: process.runtime.dotnet.gc.objects.size, Description: Count of bytes currently in use by objects in the GC heap that haven't been collected yet. Fragmentation and other GC committed memory pools are excluded., Unit: bytes, Metric Type: LongSumNonMonotonic
Instrumentation scope (Meter):
	Name: OpenTelemetry.Instrumentation.Runtime
	Version: 1.15.1
(2026-05-29T13:28:47.4468970Z, 2026-05-29T13:28:47.4904290Z] 
Value: 6922776

Metric Name: process.runtime.dotnet.gc.allocations.size, Description: Count of bytes allocated on the managed GC heap since the process start. .NET objects are allocated from this heap. Object allocations from unmanaged languages such as C/C++ do not use this heap., Unit: bytes, Metric Type: LongSum
Instrumentation scope (Meter):
	Name: OpenTelemetry.Instrumentation.Runtime
	Version: 1.15.1
(2026-05-29T13:28:47.4469150Z, 2026-05-29T13:28:47.4904290Z] 
Value: 6910728

Metric Name: process.runtime.dotnet.gc.duration, Description: The total amount of time paused in GC since the process start., Unit: ns, Metric Type: LongSum
Instrumentation scope (Meter):
	Name: OpenTelemetry.Instrumentation.Runtime
	Version: 1.15.1
(2026-05-29T13:28:47.4469430Z, 2026-05-29T13:28:47.4904300Z] 
Value: 0

Metric Name: process.runtime.dotnet.jit.il_compiled.size, Description: Count of bytes of intermediate language that have been compiled since the process start., Unit: bytes, Metric Type: LongSum
Instrumentation scope (Meter):
	Name: OpenTelemetry.Instrumentation.Runtime
	Version: 1.15.1
(2026-05-29T13:28:47.4469480Z, 2026-05-29T13:28:47.4904300Z] 
Value: 596143

Metric Name: process.runtime.dotnet.jit.methods_compiled.count, Description: The number of times the JIT compiler compiled a method since the process start. The JIT compiler may be invoked multiple times for the same method to compile with different generic parameters, or because tiered compilation requested different optimization settings., Metric Type: LongSum
Instrumentation scope (Meter):
	Name: OpenTelemetry.Instrumentation.Runtime
	Version: 1.15.1
(2026-05-29T13:28:47.4469630Z, 2026-05-29T13:28:47.4904300Z] 
Value: 8087

Metric Name: process.runtime.dotnet.jit.compilation_time, Description: The amount of time the JIT compiler has spent compiling methods since the process start., Unit: ns, Metric Type: LongSum
Instrumentation scope (Meter):
	Name: OpenTelemetry.Instrumentation.Runtime
	Version: 1.15.1
(2026-05-29T13:28:47.4469710Z, 2026-05-29T13:28:47.4904310Z] 
Value: 416846800

Metric Name: process.runtime.dotnet.monitor.lock_contention.count, Description: The number of times there was contention when trying to acquire a monitor lock since the process start. Monitor locks are commonly acquired by using the lock keyword in C#, or by calling Monitor.Enter() and Monitor.TryEnter()., Metric Type: LongSum
Instrumentation scope (Meter):
	Name: OpenTelemetry.Instrumentation.Runtime
	Version: 1.15.1
(2026-05-29T13:28:47.4469770Z, 2026-05-29T13:28:47.4904310Z] 
Value: 0

Metric Name: process.runtime.dotnet.thread_pool.threads.count, Description: The number of thread pool threads that currently exist., Metric Type: LongSumNonMonotonic
Instrumentation scope (Meter):
	Name: OpenTelemetry.Instrumentation.Runtime
	Version: 1.15.1
(2026-05-29T13:28:47.4469880Z, 2026-05-29T13:28:47.4904310Z] 
Value: 2

Metric Name: process.runtime.dotnet.thread_pool.completed_items.count, Description: The number of work items that have been processed by the thread pool since the process start., Metric Type: LongSum
Instrumentation scope (Meter):
	Name: OpenTelemetry.Instrumentation.Runtime
	Version: 1.15.1
(2026-05-29T13:28:47.4469970Z, 2026-05-29T13:28:47.4904310Z] 
Value: 1

Metric Name: process.runtime.dotnet.thread_pool.queue.length, Description: The number of work items that are currently queued to be processed by the thread pool., Metric Type: LongSumNonMonotonic
Instrumentation scope (Meter):
	Name: OpenTelemetry.Instrumentation.Runtime
	Version: 1.15.1
(2026-05-29T13:28:47.4473620Z, 2026-05-29T13:28:47.4904310Z] 
Value: 0

Metric Name: process.runtime.dotnet.timer.count, Description: The number of timer instances that are currently active. Timers can be created by many sources such as System.Threading.Timer, Task.Delay, or the timeout in a CancellationSource. An active timer is registered to tick at some point in the future and has not yet been canceled., Metric Type: LongSumNonMonotonic
Instrumentation scope (Meter):
	Name: OpenTelemetry.Instrumentation.Runtime
	Version: 1.15.1
(2026-05-29T13:28:47.4473720Z, 2026-05-29T13:28:47.4904310Z] 
Value: 2

Metric Name: process.runtime.dotnet.assemblies.count, Description: The number of .NET assemblies that are currently loaded., Metric Type: LongSumNonMonotonic
Instrumentation scope (Meter):
	Name: OpenTelemetry.Instrumentation.Runtime
	Version: 1.15.1
(2026-05-29T13:28:47.4473820Z, 2026-05-29T13:28:47.4904310Z] 
Value: 71

Metric Name: process.memory.usage, Description: The amount of physical memory in use., Unit: By, Metric Type: LongSumNonMonotonic
Instrumentation scope (Meter):
	Name: OpenTelemetry.Instrumentation.Process
	Version: 1.15.1-beta.1
(2026-05-29T13:28:47.4474040Z, 2026-05-29T13:28:47.4904320Z] 
Value: 103809024

Metric Name: process.memory.virtual, Description: The amount of committed virtual memory., Unit: By, Metric Type: LongSumNonMonotonic
Instrumentation scope (Meter):
	Name: OpenTelemetry.Instrumentation.Process
	Version: 1.15.1-beta.1
(2026-05-29T13:28:47.4474170Z, 2026-05-29T13:28:47.4904320Z] 
Value: 462611906560

Metric Name: process.cpu.time, Description: Total CPU seconds broken down by different states., Unit: s, Metric Type: DoubleSum
Instrumentation scope (Meter):
	Name: OpenTelemetry.Instrumentation.Process
	Version: 1.15.1-beta.1
(2026-05-29T13:28:47.4476080Z, 2026-05-29T13:28:47.4904520Z] process.cpu.state: user 
Value: 0.41985
(2026-05-29T13:28:47.4476080Z, 2026-05-29T13:28:47.4904520Z] process.cpu.state: system 
Value: 0.0811083

Metric Name: process.cpu.count, Description: The number of processors (CPU cores) available to the current process., Unit: {processors}, Metric Type: LongSumNonMonotonic
Instrumentation scope (Meter):
	Name: OpenTelemetry.Instrumentation.Process
	Version: 1.15.1-beta.1
(2026-05-29T13:28:47.4476160Z, 2026-05-29T13:28:47.4904520Z] 
Value: 10

Metric Name: process.thread.count, Description: Process threads count., Unit: {thread}, Metric Type: LongSumNonMonotonic
Instrumentation scope (Meter):
	Name: OpenTelemetry.Instrumentation.Process
	Version: 1.15.1-beta.1
(2026-05-29T13:28:47.4476230Z, 2026-05-29T13:28:47.4904520Z] 
Value: 28

Metric Name: qyl.semconv.attribute.checks, Description: Emitted attribute keys checked against the qyl semconv registry, by verdict., Unit: {check}, Metric Type: LongSum
Instrumentation scope (Meter):
	Name: Qyl.AutoInstrumentation
(2026-05-29T13:28:47.4781690Z, 2026-05-29T13:28:47.4904520Z] qyl.conformance.verdict: ok 
Value: 4
